0 info it worked if it ends with ok
1 verbose cli [ '/usr/bin/nodejs', '/usr/bin/npm', 'start' ]
2 info using npm@3.8.6
3 info using node@v5.12.0
4 verbose run-script [ 'prestart', 'start', 'poststart' ]
5 info lifecycle brocolito@0.0.1~prestart: brocolito@0.0.1
6 silly lifecycle brocolito@0.0.1~prestart: no script for prestart, continuing
7 info lifecycle brocolito@0.0.1~start: brocolito@0.0.1
8 verbose lifecycle brocolito@0.0.1~start: unsafe-perm in lifecycle true
9 verbose lifecycle brocolito@0.0.1~start: PATH: /usr/lib/node_modules/npm/bin/node-gyp-bin:/home/rudy/Escritorio/brocolito/node_modules/.bin:/usr/bin:/home/rudy/Escritorio/google-cloud-sdk/bin:/usr/local/heroku/bin:/home/rudy/PT/Tools/jdk1.8.0_71:/home/rudy/PT/Tools/apache-ant-1.9.6/bin:/home/rudy/PT/Tools/android-sdk-linux:/home/rudy/PT/Tools/android-ndk-r10e:/home/rudy/PT/Frameworks/cocos2d-x-3.10/templates:/home/rudy/PT/Frameworks:/home/rudy/PT/Frameworks/cocos2d-x-3.10/tools/cocos2d-console/bin:/usr/local/sbin:/usr/local/bin:/usr/sbin:/usr/bin:/sbin:/bin:/usr/games:/usr/local/games:/home/rudy/.rvm/bin:/home/rudy/.rvm/bin
10 verbose lifecycle brocolito@0.0.1~start: CWD: /home/rudy/Escritorio/brocolito
11 silly lifecycle brocolito@0.0.1~start: Args: [ '-c', 'node server.js' ]
12 silly lifecycle brocolito@0.0.1~start: Returned: code: 1  signal: null
13 info lifecycle brocolito@0.0.1~start: Failed to exec start script
14 verbose stack Error: brocolito@0.0.1 start: `node server.js`
14 verbose stack Exit status 1
14 verbose stack     at EventEmitter.<anonymous> (/usr/lib/node_modules/npm/lib/utils/lifecycle.js:239:16)
14 verbose stack     at emitTwo (events.js:100:13)
14 verbose stack     at EventEmitter.emit (events.js:185:7)
14 verbose stack     at ChildProcess.<anonymous> (/usr/lib/node_modules/npm/lib/utils/spawn.js:24:14)
14 verbose stack     at emitTwo (events.js:100:13)
14 verbose stack     at ChildProcess.emit (events.js:185:7)
14 verbose stack     at maybeClose (internal/child_process.js:850:16)
14 verbose stack     at Process.ChildProcess._handle.onexit (internal/child_process.js:215:5)
15 verbose pkgid brocolito@0.0.1
16 verbose cwd /home/rudy/Escritorio/brocolito
17 error Linux 4.2.0-41-generic
18 error argv "/usr/bin/nodejs" "/usr/bin/npm" "start"
19 error node v5.12.0
20 error npm  v3.8.6
21 error code ELIFECYCLE
22 error brocolito@0.0.1 start: `node server.js`
22 error Exit status 1
23 error Failed at the brocolito@0.0.1 start script 'node server.js'.
23 error Make sure you have the latest version of node.js and npm installed.
23 error If you do, this is most likely a problem with the brocolito package,
23 error not with npm itself.
23 error Tell the author that this fails on your system:
23 error     node server.js
23 error You can get information on how to open an issue for this project with:
23 error     npm bugs brocolito
23 error Or if that isn't available, you can get their info via:
23 error     npm owner ls brocolito
23 error There is likely additional logging output above.
24 verbose exit [ 1, true ]
